2014-05-27 20:17:29,749 main INFO  org.promasi.server.Application - Application started
2014-05-27 20:17:29,765 main INFO  org.promasi.server.ProMaSiServer - ProMaSi server initialization compelete, listening on port :55555
2014-05-29 00:32:42,859 main INFO  org.promasi.server.Application - Application started
2014-05-29 00:32:42,875 main INFO  org.promasi.server.ProMaSiServer - ProMaSi server initialization compelete, listening on port :55555
2014-05-29 00:35:08,313 Thread-0 DEBUG org.promasi.server.clientstate.ChooseGameClientState - Initialization initializatin complete
2014-05-29 00:35:08,313 Thread-0 INFO  org.promasi.server.ProMaSiServer - New client connection detected
2014-05-29 00:35:15,089 Thread-2 DEBUG org.promasi.server.clientstate.ChooseGameClientState - Client connectino error
2014-05-29 11:18:03,274 main INFO  org.promasi.server.Application - Application started
2014-05-29 11:18:03,292 main INFO  org.promasi.server.ProMaSiServer - ProMaSi server initialization compelete, listening on port :55555
2014-05-29 11:30:35,494 Thread-0 DEBUG org.promasi.server.clientstate.ChooseGameClientState - Initialization initializatin complete
2014-05-29 11:30:35,494 Thread-0 INFO  org.promasi.server.ProMaSiServer - New client connection detected
2014-05-29 11:31:07,822 Thread-2 DEBUG org.promasi.server.clientstate.ChooseGameClientState - Client connectino error
2014-05-29 11:33:08,597 Thread-0 DEBUG org.promasi.server.clientstate.ChooseGameClientState - Initialization initializatin complete
2014-05-29 11:33:08,598 Thread-0 INFO  org.promasi.server.ProMaSiServer - New client connection detected
2014-05-29 11:33:12,664 Thread-3 DEBUG org.promasi.server.clientstate.ChooseGameClientState - Client connectino error
2014-05-29 11:33:58,758 Thread-0 DEBUG org.promasi.server.clientstate.ChooseGameClientState - Initialization initializatin complete
2014-05-29 11:33:58,759 Thread-0 INFO  org.promasi.server.ProMaSiServer - New client connection detected
2014-05-29 11:34:11,213 Thread-4 DEBUG org.promasi.server.clientstate.ChooseGameClientState - Client connectino error
2014-05-29 11:43:38,724 Thread-0 DEBUG org.promasi.server.clientstate.ChooseGameClientState - Initialization initializatin complete
2014-05-29 11:43:38,724 Thread-0 INFO  org.promasi.server.ProMaSiServer - New client connection detected
2014-05-29 11:45:24,259 Thread-5 DEBUG org.promasi.server.clientstate.ChooseGameClientState - Client connectino error
2014-05-29 12:02:15,391 Thread-0 DEBUG org.promasi.server.clientstate.ChooseGameClientState - Initialization initializatin complete
2014-05-29 12:02:15,392 Thread-0 INFO  org.promasi.server.ProMaSiServer - New client connection detected
2014-05-29 12:02:59,657 Thread-6 DEBUG org.promasi.server.clientstate.ChooseGameClientState - Client connectino error
2014-05-29 12:06:39,386 Thread-0 DEBUG org.promasi.server.clientstate.ChooseGameClientState - Initialization initializatin complete
2014-05-29 12:06:39,387 Thread-0 INFO  org.promasi.server.ProMaSiServer - New client connection detected
2014-05-29 12:07:32,072 Thread-7 DEBUG org.promasi.server.clientstate.ChooseGameClientState - Client connectino error
2014-05-29 14:49:40,707 main INFO  org.promasi.server.Application - Application started
2014-05-29 14:49:40,724 main INFO  org.promasi.server.ProMaSiServer - ProMaSi server initialization compelete, listening on port :55555
2014-05-29 14:54:42,585 Thread-0 DEBUG org.promasi.server.clientstate.ChooseGameClientState - Initialization initializatin complete
2014-05-29 14:54:42,585 Thread-0 INFO  org.promasi.server.ProMaSiServer - New client connection detected
2014-05-29 14:54:44,680 Thread-2 INFO  org.promasi.server.clientstate.ChooseGameClientState - Received message :'class org.promasi.protocol.messages.LoginRequest'
2014-05-29 14:54:44,680 Thread-2 INFO  org.promasi.server.ProMaSiServer - Client login succeed for client : 'Company'
2014-05-29 14:54:44,683 Thread-2 DEBUG org.promasi.server.clientstate.ChooseGameClientState - Initialization complete
2014-05-29 14:54:44,717 Thread-2 INFO  org.promasi.server.clientstate.ChooseGameClientState - Login succeed
2014-05-29 14:55:06,240 Thread-2 INFO  org.promasi.server.ProMaSiServer - Client disconnected
2014-05-29 14:55:06,240 Thread-2 DEBUG org.promasi.server.clientstate.ChooseGameClientState - Client connection error
2014-05-29 14:55:29,185 Thread-0 DEBUG org.promasi.server.clientstate.ChooseGameClientState - Initialization initializatin complete
2014-05-29 14:55:29,186 Thread-0 INFO  org.promasi.server.ProMaSiServer - New client connection detected
2014-05-29 14:55:56,420 Thread-3 INFO  org.promasi.server.clientstate.ChooseGameClientState - Received message :'class org.promasi.protocol.messages.LoginRequest'
2014-05-29 14:55:56,420 Thread-3 INFO  org.promasi.server.ProMaSiServer - Client login succeed for client : 'Company'
2014-05-29 14:55:56,420 Thread-3 DEBUG org.promasi.server.clientstate.ChooseGameClientState - Initialization complete
2014-05-29 14:55:56,427 Thread-3 INFO  org.promasi.server.clientstate.ChooseGameClientState - Login succeed
2014-05-29 14:56:26,497 Thread-3 INFO  org.promasi.server.ProMaSiServer - Client disconnected
2014-05-29 14:56:26,498 Thread-3 DEBUG org.promasi.server.clientstate.ChooseGameClientState - Client connection error
2014-05-29 14:56:38,919 Thread-0 DEBUG org.promasi.server.clientstate.ChooseGameClientState - Initialization initializatin complete
2014-05-29 14:56:38,919 Thread-0 INFO  org.promasi.server.ProMaSiServer - New client connection detected
2014-05-29 14:57:00,443 Thread-4 INFO  org.promasi.server.clientstate.ChooseGameClientState - Received message :'class org.promasi.protocol.messages.LoginRequest'
2014-05-29 14:57:00,443 Thread-4 INFO  org.promasi.server.ProMaSiServer - Client login succeed for client : 'Company'
2014-05-29 14:57:00,443 Thread-4 DEBUG org.promasi.server.clientstate.ChooseGameClientState - Initialization complete
2014-05-29 14:57:00,449 Thread-4 INFO  org.promasi.server.clientstate.ChooseGameClientState - Login succeed
2014-05-29 14:57:05,647 Thread-4 INFO  org.promasi.server.ProMaSiServer - Client disconnected
2014-05-29 14:57:05,647 Thread-4 DEBUG org.promasi.server.clientstate.ChooseGameClientState - Client connection error
2014-05-29 14:57:24,734 Thread-0 DEBUG org.promasi.server.clientstate.ChooseGameClientState - Initialization initializatin complete
2014-05-29 14:57:24,734 Thread-0 INFO  org.promasi.server.ProMaSiServer - New client connection detected
2014-05-29 14:57:43,550 Thread-5 INFO  org.promasi.server.clientstate.ChooseGameClientState - Received message :'class org.promasi.protocol.messages.LoginRequest'
2014-05-29 14:57:43,551 Thread-5 INFO  org.promasi.server.ProMaSiServer - Client login succeed for client : 'Company'
2014-05-29 14:57:43,551 Thread-5 DEBUG org.promasi.server.clientstate.ChooseGameClientState - Initialization complete
2014-05-29 14:57:43,571 Thread-5 INFO  org.promasi.server.clientstate.ChooseGameClientState - Login succeed
2014-05-29 14:58:00,791 Thread-5 INFO  org.promasi.server.ProMaSiServer - Client disconnected
2014-05-29 14:58:00,792 Thread-5 DEBUG org.promasi.server.clientstate.ChooseGameClientState - Client connection error
2014-05-29 15:33:37,205 Thread-0 DEBUG org.promasi.server.clientstate.ChooseGameClientState - Initialization initializatin complete
2014-05-29 15:33:37,206 Thread-0 INFO  org.promasi.server.ProMaSiServer - New client connection detected
2014-05-29 15:33:37,256 Thread-6 INFO  org.promasi.server.clientstate.ChooseGameClientState - Received message :'class org.promasi.protocol.messages.LoginRequest'
2014-05-29 15:33:37,256 Thread-6 INFO  org.promasi.server.ProMaSiServer - Client login succeed for client : 'Company'
2014-05-29 15:33:37,256 Thread-6 DEBUG org.promasi.server.clientstate.ChooseGameClientState - Initialization complete
2014-05-29 15:33:37,267 Thread-6 INFO  org.promasi.server.clientstate.ChooseGameClientState - Login succeed
2014-05-29 15:34:13,407 Thread-0 DEBUG org.promasi.server.clientstate.ChooseGameClientState - Initialization initializatin complete
2014-05-29 15:34:13,407 Thread-0 INFO  org.promasi.server.ProMaSiServer - New client connection detected
2014-05-29 15:34:17,725 Thread-7 INFO  org.promasi.server.clientstate.ChooseGameClientState - Received message :'class org.promasi.protocol.messages.LoginRequest'
2014-05-29 15:34:17,725 Thread-7 INFO  org.promasi.server.ProMaSiServer - Client login failed for client : 'Company'
2014-05-29 15:34:17,725 Thread-7 INFO  org.promasi.server.clientstate.ChooseGameClientState - Login failed for client id 'Company'
2014-05-29 15:34:33,004 Thread-7 DEBUG org.promasi.server.clientstate.ChooseGameClientState - Client connectino error
2014-05-29 15:34:33,004 Thread-7 INFO  org.promasi.server.ProMaSiServer - Client disconnected
2014-05-29 15:36:38,779 main INFO  org.promasi.server.Application - Application started
2014-05-29 15:36:38,796 main INFO  org.promasi.server.ProMaSiServer - ProMaSi server initialization compelete, listening on port :55555
2014-05-29 15:36:42,650 Thread-0 DEBUG org.promasi.server.clientstate.ChooseGameClientState - Initialization initializatin complete
2014-05-29 15:36:42,650 Thread-0 INFO  org.promasi.server.ProMaSiServer - New client connection detected
2014-05-29 15:39:02,483 main INFO  org.promasi.server.Application - Application started
2014-05-29 15:39:02,499 main INFO  org.promasi.server.ProMaSiServer - ProMaSi server initialization compelete, listening on port :55555
2014-05-29 15:39:14,695 Thread-0 DEBUG org.promasi.server.clientstate.ChooseGameClientState - Initialization initializatin complete
2014-05-29 15:39:14,695 Thread-0 INFO  org.promasi.server.ProMaSiServer - New client connection detected
2014-05-29 15:39:14,737 Thread-2 INFO  org.promasi.server.clientstate.ChooseGameClientState - Received message :'class org.promasi.protocol.messages.LoginRequest'
2014-05-29 15:39:14,737 Thread-2 INFO  org.promasi.server.ProMaSiServer - Client login succeed for client : 'Company'
2014-05-29 15:39:14,739 Thread-2 DEBUG org.promasi.server.clientstate.ChooseGameClientState - Initialization complete
2014-05-29 15:39:14,776 Thread-2 INFO  org.promasi.server.clientstate.ChooseGameClientState - Login succeed
2014-05-29 15:39:48,716 Thread-2 INFO  org.promasi.server.ProMaSiServer - Client disconnected
2014-05-29 15:39:48,716 Thread-2 DEBUG org.promasi.server.clientstate.ChooseGameClientState - Client connection error
2014-05-29 15:40:52,219 main INFO  org.promasi.server.Application - Application started
2014-05-29 15:40:52,234 main INFO  org.promasi.server.ProMaSiServer - ProMaSi server initialization compelete, listening on port :55555
2014-05-29 15:41:01,211 Thread-0 DEBUG org.promasi.server.clientstate.ChooseGameClientState - Initialization initializatin complete
2014-05-29 15:41:01,212 Thread-0 INFO  org.promasi.server.ProMaSiServer - New client connection detected
2014-05-29 15:41:01,261 Thread-2 INFO  org.promasi.server.clientstate.ChooseGameClientState - Received message :'class org.promasi.protocol.messages.LoginRequest'
2014-05-29 15:56:26,791 main INFO  org.promasi.server.Application - Application started
2014-05-29 15:56:26,807 main INFO  org.promasi.server.ProMaSiServer - ProMaSi server initialization compelete, listening on port :55555
2014-05-29 15:56:35,626 Thread-0 DEBUG org.promasi.server.clientstate.ChooseGameClientState - Initialization initializatin complete
2014-05-29 15:56:35,627 Thread-0 INFO  org.promasi.server.ProMaSiServer - New client connection detected
2014-05-29 15:56:35,646 Thread-2 INFO  org.promasi.server.clientstate.ChooseGameClientState - Received message :'class org.promasi.protocol.messages.LoginRequest'
2014-05-29 15:57:47,152 main INFO  org.promasi.server.Application - Application started
2014-05-29 15:57:47,168 main INFO  org.promasi.server.ProMaSiServer - ProMaSi server initialization compelete, listening on port :55555
2014-05-29 15:57:57,569 Thread-0 DEBUG org.promasi.server.clientstate.ChooseGameClientState - Initialization initializatin complete
2014-05-29 15:57:57,569 Thread-0 INFO  org.promasi.server.ProMaSiServer - New client connection detected
2014-05-29 15:57:57,593 Thread-2 INFO  org.promasi.server.clientstate.ChooseGameClientState - Received message :'class org.promasi.protocol.messages.LoginRequest'
2014-05-29 15:57:57,593 Thread-2 INFO  org.promasi.server.ProMaSiServer - Client login succeed for client : 'Company'
2014-05-29 15:58:04,682 Thread-2 DEBUG org.promasi.server.clientstate.ChooseGameClientState - Initialization complete
2014-05-29 15:58:23,917 Thread-2 INFO  org.promasi.server.clientstate.ChooseGameClientState - Login succeed
2014-05-29 15:58:30,001 Thread-2 INFO  org.promasi.server.ProMaSiServer - Client disconnected
2014-05-29 15:58:30,001 Thread-2 DEBUG org.promasi.server.clientstate.ChooseGameClientState - Client connection error
2014-05-29 15:58:41,873 main INFO  org.promasi.server.Application - Application started
2014-05-29 15:58:41,889 main INFO  org.promasi.server.ProMaSiServer - ProMaSi server initialization compelete, listening on port :55555
2014-05-29 15:59:23,094 Thread-0 DEBUG org.promasi.server.clientstate.ChooseGameClientState - Initialization initializatin complete
2014-05-29 15:59:23,095 Thread-0 INFO  org.promasi.server.ProMaSiServer - New client connection detected
2014-05-29 16:00:21,489 Thread-2 INFO  org.promasi.server.clientstate.ChooseGameClientState - Received message :'class org.promasi.protocol.messages.LoginRequest'
2014-05-29 16:00:21,490 Thread-2 INFO  org.promasi.server.ProMaSiServer - Client login succeed for client : 'Company'
2014-05-29 16:00:21,497 Thread-2 DEBUG org.promasi.server.clientstate.ChooseGameClientState - Initialization complete
2014-05-29 16:00:21,559 Thread-2 INFO  org.promasi.server.clientstate.ChooseGameClientState - Login succeed
2014-05-29 16:00:43,007 Thread-2 INFO  org.promasi.server.ProMaSiServer - Client disconnected
2014-05-29 16:00:43,007 Thread-2 DEBUG org.promasi.server.clientstate.ChooseGameClientState - Client connection error
2014-05-29 16:06:41,133 main INFO  org.promasi.server.Application - Application started
2014-05-29 16:06:41,149 main INFO  org.promasi.server.ProMaSiServer - ProMaSi server initialization compelete, listening on port :55555
2014-05-29 16:06:48,399 Thread-0 DEBUG org.promasi.server.clientstate.ChooseGameClientState - Initialization initializatin complete
2014-05-29 16:06:48,399 Thread-0 INFO  org.promasi.server.ProMaSiServer - New client connection detected
2014-05-29 16:06:48,435 Thread-2 INFO  org.promasi.server.clientstate.ChooseGameClientState - Received message :'class org.promasi.protocol.messages.LoginRequest'
2014-05-29 16:06:48,435 Thread-2 INFO  org.promasi.server.ProMaSiServer - Client login succeed for client : 'Company'
2014-05-29 16:06:48,439 Thread-2 DEBUG org.promasi.server.clientstate.ChooseGameClientState - Initialization complete
2014-05-29 16:06:48,479 Thread-2 INFO  org.promasi.server.clientstate.ChooseGameClientState - Login succeed
2014-05-29 16:08:20,905 main INFO  org.promasi.server.Application - Application started
2014-05-29 16:08:20,920 main INFO  org.promasi.server.ProMaSiServer - ProMaSi server initialization compelete, listening on port :55555
2014-05-29 16:08:36,092 Thread-0 DEBUG org.promasi.server.clientstate.ChooseGameClientState - Initialization initializatin complete
2014-05-29 16:08:36,092 Thread-0 INFO  org.promasi.server.ProMaSiServer - New client connection detected
2014-05-29 16:08:41,579 Thread-2 INFO  org.promasi.server.clientstate.ChooseGameClientState - Received message :'class org.promasi.protocol.messages.LoginRequest'
2014-05-29 16:08:41,580 Thread-2 INFO  org.promasi.server.ProMaSiServer - Client login succeed for client : 'Company'
2014-05-29 16:08:41,583 Thread-2 DEBUG org.promasi.server.clientstate.ChooseGameClientState - Initialization complete
2014-05-29 16:08:41,631 Thread-2 INFO  org.promasi.server.clientstate.ChooseGameClientState - Login succeed
2014-05-29 16:09:07,908 Thread-2 INFO  org.promasi.server.ProMaSiServer - Client disconnected
2014-05-29 16:09:07,908 Thread-2 DEBUG org.promasi.server.clientstate.ChooseGameClientState - Client connection error
2014-05-29 16:09:13,367 main INFO  org.promasi.server.Application - Application started
2014-05-29 16:09:13,383 main INFO  org.promasi.server.ProMaSiServer - ProMaSi server initialization compelete, listening on port :55555
2014-05-29 16:09:27,564 Thread-0 DEBUG org.promasi.server.clientstate.ChooseGameClientState - Initialization initializatin complete
2014-05-29 16:09:27,565 Thread-0 INFO  org.promasi.server.ProMaSiServer - New client connection detected
2014-05-29 16:09:27,594 Thread-2 INFO  org.promasi.server.clientstate.ChooseGameClientState - Received message :'class org.promasi.protocol.messages.LoginRequest'
2014-05-29 16:09:27,594 Thread-2 INFO  org.promasi.server.ProMaSiServer - Client login succeed for client : 'Company'
2014-05-29 16:09:27,597 Thread-2 DEBUG org.promasi.server.clientstate.ChooseGameClientState - Initialization complete
2014-05-29 16:09:27,631 Thread-2 INFO  org.promasi.server.clientstate.ChooseGameClientState - Login succeed
2014-05-29 16:10:06,337 Thread-2 INFO  org.promasi.server.ProMaSiServer - Client disconnected
2014-05-29 16:10:06,337 Thread-2 DEBUG org.promasi.server.clientstate.ChooseGameClientState - Client connection error
2014-05-29 16:10:11,165 main INFO  org.promasi.server.Application - Application started
2014-05-29 16:10:11,180 main INFO  org.promasi.server.ProMaSiServer - ProMaSi server initialization compelete, listening on port :55555
2014-05-29 16:10:24,491 Thread-0 DEBUG org.promasi.server.clientstate.ChooseGameClientState - Initialization initializatin complete
2014-05-29 16:10:24,491 Thread-0 INFO  org.promasi.server.ProMaSiServer - New client connection detected
2014-05-29 16:10:24,557 Thread-2 INFO  org.promasi.server.clientstate.ChooseGameClientState - Received message :'class org.promasi.protocol.messages.LoginRequest'
2014-05-29 16:10:24,558 Thread-2 INFO  org.promasi.server.ProMaSiServer - Client login succeed for client : 'Company'
2014-05-29 16:10:24,561 Thread-2 DEBUG org.promasi.server.clientstate.ChooseGameClientState - Initialization complete
2014-05-29 16:10:24,601 Thread-2 INFO  org.promasi.server.clientstate.ChooseGameClientState - Login succeed
2014-05-29 16:10:58,162 Thread-2 INFO  org.promasi.server.ProMaSiServer - Client disconnected
2014-05-29 16:10:58,162 Thread-2 DEBUG org.promasi.server.clientstate.ChooseGameClientState - Client connection error
2014-05-29 16:11:59,311 main INFO  org.promasi.server.Application - Application started
2014-05-29 16:11:59,327 main INFO  org.promasi.server.ProMaSiServer - ProMaSi server initialization compelete, listening on port :55555
2014-05-29 16:12:14,044 Thread-0 DEBUG org.promasi.server.clientstate.ChooseGameClientState - Initialization initializatin complete
2014-05-29 16:12:14,044 Thread-0 INFO  org.promasi.server.ProMaSiServer - New client connection detected
2014-05-29 16:12:14,086 Thread-2 INFO  org.promasi.server.clientstate.ChooseGameClientState - Received message :'class org.promasi.protocol.messages.LoginRequest'
2014-05-29 16:12:14,086 Thread-2 INFO  org.promasi.server.ProMaSiServer - Client login succeed for client : 'Company'
2014-05-29 16:12:14,090 Thread-2 DEBUG org.promasi.server.clientstate.ChooseGameClientState - Initialization complete
2014-05-29 16:12:14,129 Thread-2 INFO  org.promasi.server.clientstate.ChooseGameClientState - Login succeed
2014-05-29 16:12:32,309 main INFO  org.promasi.server.Application - Application started
2014-05-29 16:12:32,324 main INFO  org.promasi.server.ProMaSiServer - ProMaSi server initialization compelete, listening on port :55555
2014-05-29 16:12:55,563 Thread-0 DEBUG org.promasi.server.clientstate.ChooseGameClientState - Initialization initializatin complete
2014-05-29 16:12:55,563 Thread-0 INFO  org.promasi.server.ProMaSiServer - New client connection detected
2014-05-29 16:12:55,597 Thread-2 INFO  org.promasi.server.clientstate.ChooseGameClientState - Received message :'class org.promasi.protocol.messages.LoginRequest'
2014-05-29 16:12:55,597 Thread-2 INFO  org.promasi.server.ProMaSiServer - Client login succeed for client : 'Company'
2014-05-29 16:12:55,600 Thread-2 DEBUG org.promasi.server.clientstate.ChooseGameClientState - Initialization complete
2014-05-29 16:12:55,643 Thread-2 INFO  org.promasi.server.clientstate.ChooseGameClientState - Login succeed
2014-05-29 16:13:36,649 Thread-2 INFO  org.promasi.server.ProMaSiServer - Client disconnected
2014-05-29 16:13:36,649 Thread-2 DEBUG org.promasi.server.clientstate.ChooseGameClientState - Client connection error
2014-05-29 16:21:20,290 main INFO  org.promasi.server.Application - Application started
2014-05-29 16:21:20,305 main INFO  org.promasi.server.ProMaSiServer - ProMaSi server initialization compelete, listening on port :55555
2014-05-29 16:21:34,158 Thread-0 DEBUG org.promasi.server.clientstate.ChooseGameClientState - Initialization initializatin complete
2014-05-29 16:21:34,158 Thread-0 INFO  org.promasi.server.ProMaSiServer - New client connection detected
2014-05-29 16:21:34,191 Thread-2 INFO  org.promasi.server.clientstate.ChooseGameClientState - Received message :'class org.promasi.protocol.messages.LoginRequest'
2014-05-29 16:21:34,191 Thread-2 INFO  org.promasi.server.ProMaSiServer - Client login succeed for client : 'Company'
2014-05-29 16:21:34,195 Thread-2 DEBUG org.promasi.server.clientstate.ChooseGameClientState - Initialization complete
2014-05-29 16:21:34,233 Thread-2 INFO  org.promasi.server.clientstate.ChooseGameClientState - Login succeed
2014-05-29 16:21:50,458 main INFO  org.promasi.server.Application - Application started
2014-05-29 16:21:50,474 main INFO  org.promasi.server.ProMaSiServer - ProMaSi server initialization compelete, listening on port :55555
2014-05-29 16:22:15,475 Thread-0 DEBUG org.promasi.server.clientstate.ChooseGameClientState - Initialization initializatin complete
2014-05-29 16:22:15,475 Thread-0 INFO  org.promasi.server.ProMaSiServer - New client connection detected
2014-05-29 16:22:15,503 Thread-2 INFO  org.promasi.server.clientstate.ChooseGameClientState - Received message :'class org.promasi.protocol.messages.LoginRequest'
2014-05-29 16:22:15,503 Thread-2 INFO  org.promasi.server.ProMaSiServer - Client login succeed for client : 'Company'
2014-05-29 16:22:15,506 Thread-2 DEBUG org.promasi.server.clientstate.ChooseGameClientState - Initialization complete
2014-05-29 16:22:15,542 Thread-2 INFO  org.promasi.server.clientstate.ChooseGameClientState - Login succeed
2014-05-29 16:23:42,203 Thread-2 INFO  org.promasi.server.ProMaSiServer - Client disconnected
2014-05-29 16:23:42,203 Thread-2 DEBUG org.promasi.server.clientstate.ChooseGameClientState - Client connection error
2014-05-29 16:29:20,787 main INFO  org.promasi.server.Application - Application started
2014-05-29 16:29:20,802 main INFO  org.promasi.server.ProMaSiServer - ProMaSi server initialization compelete, listening on port :55555
2014-05-29 16:29:28,805 Thread-0 DEBUG org.promasi.server.clientstate.ChooseGameClientState - Initialization initializatin complete
2014-05-29 16:29:28,806 Thread-0 INFO  org.promasi.server.ProMaSiServer - New client connection detected
2014-05-29 16:29:28,842 Thread-2 INFO  org.promasi.server.clientstate.ChooseGameClientState - Received message :'class org.promasi.protocol.messages.LoginRequest'
2014-05-29 16:29:28,842 Thread-2 INFO  org.promasi.server.ProMaSiServer - Client login succeed for client : 'Company'
2014-05-29 16:29:28,845 Thread-2 DEBUG org.promasi.server.clientstate.ChooseGameClientState - Initialization complete
2014-05-29 16:29:28,882 Thread-2 INFO  org.promasi.server.clientstate.ChooseGameClientState - Login succeed
2014-05-29 16:30:12,017 Thread-2 INFO  org.promasi.server.ProMaSiServer - Client disconnected
2014-05-29 16:30:12,017 Thread-2 DEBUG org.promasi.server.clientstate.ChooseGameClientState - Client connection error
2014-05-29 16:30:47,050 main INFO  org.promasi.server.Application - Application started
2014-05-29 16:30:47,065 main INFO  org.promasi.server.ProMaSiServer - ProMaSi server initialization compelete, listening on port :55555
2014-05-29 16:30:54,168 Thread-0 DEBUG org.promasi.server.clientstate.ChooseGameClientState - Initialization initializatin complete
2014-05-29 16:30:54,168 Thread-0 INFO  org.promasi.server.ProMaSiServer - New client connection detected
2014-05-29 16:31:03,435 Thread-2 DEBUG org.promasi.server.clientstate.ChooseGameClientState - Client connectino error
2014-05-29 16:31:10,076 main INFO  org.promasi.server.Application - Application started
2014-05-29 16:31:10,091 main INFO  org.promasi.server.ProMaSiServer - ProMaSi server initialization compelete, listening on port :55555
2014-05-29 16:31:25,566 Thread-0 DEBUG org.promasi.server.clientstate.ChooseGameClientState - Initialization initializatin complete
2014-05-29 16:31:25,566 Thread-0 INFO  org.promasi.server.ProMaSiServer - New client connection detected
2014-05-29 16:31:44,229 Thread-2 DEBUG org.promasi.server.clientstate.ChooseGameClientState - Client connectino error
2014-05-29 16:31:57,312 Thread-0 DEBUG org.promasi.server.clientstate.ChooseGameClientState - Initialization initializatin complete
2014-05-29 16:31:57,312 Thread-0 INFO  org.promasi.server.ProMaSiServer - New client connection detected
2014-05-29 16:32:13,277 Thread-3 DEBUG org.promasi.server.clientstate.ChooseGameClientState - Client connectino error
2014-05-29 16:32:25,536 main INFO  org.promasi.server.Application - Application started
2014-05-29 16:32:25,552 main INFO  org.promasi.server.ProMaSiServer - ProMaSi server initialization compelete, listening on port :55555
2014-05-29 16:32:37,815 Thread-0 DEBUG org.promasi.server.clientstate.ChooseGameClientState - Initialization initializatin complete
2014-05-29 16:32:37,815 Thread-0 INFO  org.promasi.server.ProMaSiServer - New client connection detected
2014-05-29 16:34:02,299 Thread-2 DEBUG org.promasi.server.clientstate.ChooseGameClientState - Client connectino error
2014-05-29 16:34:30,498 Thread-0 DEBUG org.promasi.server.clientstate.ChooseGameClientState - Initialization initializatin complete
2014-05-29 16:34:30,498 Thread-0 INFO  org.promasi.server.ProMaSiServer - New client connection detected
2014-05-29 16:34:35,356 Thread-3 DEBUG org.promasi.server.clientstate.ChooseGameClientState - Client connectino error
2014-05-29 16:35:14,202 Thread-0 DEBUG org.promasi.server.clientstate.ChooseGameClientState - Initialization initializatin complete
2014-05-29 16:35:14,203 Thread-0 INFO  org.promasi.server.ProMaSiServer - New client connection detected
2014-05-29 16:35:42,284 Thread-4 DEBUG org.promasi.server.clientstate.ChooseGameClientState - Client connectino error
2014-05-29 16:36:05,908 Thread-0 DEBUG org.promasi.server.clientstate.ChooseGameClientState - Initialization initializatin complete
2014-05-29 16:36:05,908 Thread-0 INFO  org.promasi.server.ProMaSiServer - New client connection detected
2014-05-29 16:36:05,985 Thread-5 INFO  org.promasi.server.clientstate.ChooseGameClientState - Received message :'class org.promasi.protocol.messages.LoginRequest'
2014-05-29 16:36:05,985 Thread-5 INFO  org.promasi.server.ProMaSiServer - Client login succeed for client : 'Company'
2014-05-29 16:36:05,988 Thread-5 DEBUG org.promasi.server.clientstate.ChooseGameClientState - Initialization complete
2014-05-29 16:36:06,024 Thread-5 INFO  org.promasi.server.clientstate.ChooseGameClientState - Login succeed
2014-05-29 16:36:17,714 Thread-5 INFO  org.promasi.server.ProMaSiServer - Client disconnected
2014-05-29 16:36:17,715 Thread-5 DEBUG org.promasi.server.clientstate.ChooseGameClientState - Client connection error
2014-05-29 16:37:16,108 Thread-0 DEBUG org.promasi.server.clientstate.ChooseGameClientState - Initialization initializatin complete
2014-05-29 16:37:16,108 Thread-0 INFO  org.promasi.server.ProMaSiServer - New client connection detected
2014-05-29 16:37:16,187 Thread-6 INFO  org.promasi.server.clientstate.ChooseGameClientState - Received message :'class org.promasi.protocol.messages.LoginRequest'
2014-05-29 16:37:16,187 Thread-6 INFO  org.promasi.server.ProMaSiServer - Client login succeed for client : 'Company'
2014-05-29 16:37:16,187 Thread-6 DEBUG org.promasi.server.clientstate.ChooseGameClientState - Initialization complete
2014-05-29 16:37:16,196 Thread-6 INFO  org.promasi.server.clientstate.ChooseGameClientState - Login succeed
2014-05-29 16:37:48,230 Thread-6 INFO  org.promasi.server.ProMaSiServer - Client disconnected
2014-05-29 16:37:48,230 Thread-6 DEBUG org.promasi.server.clientstate.ChooseGameClientState - Client connection error
2014-05-29 16:45:00,279 Thread-0 DEBUG org.promasi.server.clientstate.ChooseGameClientState - Initialization initializatin complete
2014-05-29 16:45:00,280 Thread-0 INFO  org.promasi.server.ProMaSiServer - New client connection detected
2014-05-29 16:45:00,315 Thread-7 INFO  org.promasi.server.clientstate.ChooseGameClientState - Received message :'class org.promasi.protocol.messages.LoginRequest'
2014-05-29 16:45:00,315 Thread-7 INFO  org.promasi.server.ProMaSiServer - Client login succeed for client : 'Company'
2014-05-29 16:45:00,315 Thread-7 DEBUG org.promasi.server.clientstate.ChooseGameClientState - Initialization complete
2014-05-29 16:45:00,322 Thread-7 INFO  org.promasi.server.clientstate.ChooseGameClientState - Login succeed
2014-05-29 16:45:00,938 Thread-7 INFO  org.promasi.server.clientstate.ChooseGameClientState - Received message :'class org.promasi.protocol.messages.UpdateAvailableGameListRequest'
2014-05-29 16:45:07,379 Thread-7 INFO  org.promasi.server.ProMaSiServer - Client disconnected
2014-05-29 16:45:07,379 Thread-7 DEBUG org.promasi.server.clientstate.ChooseGameClientState - Client connection error
2014-05-29 17:00:44,232 Thread-0 DEBUG org.promasi.server.clientstate.ChooseGameClientState - Initialization initializatin complete
2014-05-29 17:00:44,233 Thread-0 INFO  org.promasi.server.ProMaSiServer - New client connection detected
2014-05-29 17:00:44,272 Thread-8 INFO  org.promasi.server.clientstate.ChooseGameClientState - Received message :'class org.promasi.protocol.messages.LoginRequest'
2014-05-29 17:00:44,272 Thread-8 INFO  org.promasi.server.ProMaSiServer - Client login succeed for client : 'Company'
2014-05-29 17:00:44,272 Thread-8 DEBUG org.promasi.server.clientstate.ChooseGameClientState - Initialization complete
2014-05-29 17:00:44,281 Thread-8 INFO  org.promasi.server.clientstate.ChooseGameClientState - Login succeed
2014-05-29 17:00:44,910 Thread-8 INFO  org.promasi.server.clientstate.ChooseGameClientState - Received message :'class org.promasi.protocol.messages.UpdateAvailableGameListRequest'
2014-05-29 17:01:00,127 Thread-8 INFO  org.promasi.server.ProMaSiServer - Client disconnected
2014-05-29 17:01:00,127 Thread-8 DEBUG org.promasi.server.clientstate.ChooseGameClientState - Client connection error
2014-05-29 18:15:35,054 Thread-0 DEBUG org.promasi.server.clientstate.ChooseGameClientState - Initialization initializatin complete
2014-05-29 18:15:35,054 Thread-0 INFO  org.promasi.server.ProMaSiServer - New client connection detected
2014-05-29 18:15:35,105 Thread-9 INFO  org.promasi.server.clientstate.ChooseGameClientState - Received message :'class org.promasi.protocol.messages.LoginRequest'
2014-05-29 18:15:35,105 Thread-9 INFO  org.promasi.server.ProMaSiServer - Client login succeed for client : 'Company'
2014-05-29 18:15:35,105 Thread-9 DEBUG org.promasi.server.clientstate.ChooseGameClientState - Initialization complete
2014-05-29 18:15:35,111 Thread-9 INFO  org.promasi.server.clientstate.ChooseGameClientState - Login succeed
2014-05-29 18:15:35,756 Thread-9 INFO  org.promasi.server.clientstate.ChooseGameClientState - Received message :'class org.promasi.protocol.messages.UpdateAvailableGameListRequest'
2014-05-29 18:15:50,795 Thread-9 INFO  org.promasi.server.ProMaSiServer - Client disconnected
2014-05-29 18:15:50,796 Thread-9 DEBUG org.promasi.server.clientstate.ChooseGameClientState - Client connection error
2014-05-29 18:17:00,244 Thread-0 DEBUG org.promasi.server.clientstate.ChooseGameClientState - Initialization initializatin complete
2014-05-29 18:17:00,244 Thread-0 INFO  org.promasi.server.ProMaSiServer - New client connection detected
2014-05-29 18:17:00,294 Thread-10 INFO  org.promasi.server.clientstate.ChooseGameClientState - Received message :'class org.promasi.protocol.messages.LoginRequest'
2014-05-29 18:17:00,294 Thread-10 INFO  org.promasi.server.ProMaSiServer - Client login succeed for client : 'Company'
2014-05-29 18:17:00,294 Thread-10 DEBUG org.promasi.server.clientstate.ChooseGameClientState - Initialization complete
2014-05-29 18:17:00,300 Thread-10 INFO  org.promasi.server.clientstate.ChooseGameClientState - Login succeed
2014-05-29 18:17:00,915 Thread-10 INFO  org.promasi.server.clientstate.ChooseGameClientState - Received message :'class org.promasi.protocol.messages.UpdateAvailableGameListRequest'
2014-05-29 18:17:09,488 Thread-10 INFO  org.promasi.server.ProMaSiServer - Client disconnected
2014-05-29 18:17:09,488 Thread-10 DEBUG org.promasi.server.clientstate.ChooseGameClientState - Client connection error
2014-05-29 18:17:41,014 Thread-0 DEBUG org.promasi.server.clientstate.ChooseGameClientState - Initialization initializatin complete
2014-05-29 18:17:41,014 Thread-0 INFO  org.promasi.server.ProMaSiServer - New client connection detected
2014-05-29 18:17:41,064 Thread-11 INFO  org.promasi.server.clientstate.ChooseGameClientState - Received message :'class org.promasi.protocol.messages.LoginRequest'
2014-05-29 18:17:41,064 Thread-11 INFO  org.promasi.server.ProMaSiServer - Client login succeed for client : 'Company'
2014-05-29 18:17:41,064 Thread-11 DEBUG org.promasi.server.clientstate.ChooseGameClientState - Initialization complete
2014-05-29 18:17:41,073 Thread-11 INFO  org.promasi.server.clientstate.ChooseGameClientState - Login succeed
2014-05-29 18:17:41,702 Thread-11 INFO  org.promasi.server.clientstate.ChooseGameClientState - Received message :'class org.promasi.protocol.messages.UpdateAvailableGameListRequest'
2014-05-29 18:17:51,403 Thread-11 INFO  org.promasi.server.ProMaSiServer - Client disconnected
2014-05-29 18:17:51,403 Thread-11 DEBUG org.promasi.server.clientstate.ChooseGameClientState - Client connection error
2014-05-29 18:18:31,767 Thread-0 DEBUG org.promasi.server.clientstate.ChooseGameClientState - Initialization initializatin complete
2014-05-29 18:18:31,767 Thread-0 INFO  org.promasi.server.ProMaSiServer - New client connection detected
2014-05-29 18:18:31,823 Thread-12 INFO  org.promasi.server.clientstate.ChooseGameClientState - Received message :'class org.promasi.protocol.messages.LoginRequest'
2014-05-29 18:18:31,823 Thread-12 INFO  org.promasi.server.ProMaSiServer - Client login succeed for client : 'Company'
2014-05-29 18:18:31,823 Thread-12 DEBUG org.promasi.server.clientstate.ChooseGameClientState - Initialization complete
2014-05-29 18:18:31,832 Thread-12 INFO  org.promasi.server.clientstate.ChooseGameClientState - Login succeed
2014-05-29 18:18:32,452 Thread-12 INFO  org.promasi.server.clientstate.ChooseGameClientState - Received message :'class org.promasi.protocol.messages.UpdateAvailableGameListRequest'
2014-05-29 18:18:38,098 Thread-12 INFO  org.promasi.server.ProMaSiServer - Client disconnected
2014-05-29 18:18:38,098 Thread-12 DEBUG org.promasi.server.clientstate.ChooseGameClientState - Client connection error
2014-05-29 18:18:57,863 Thread-0 DEBUG org.promasi.server.clientstate.ChooseGameClientState - Initialization initializatin complete
2014-05-29 18:18:57,864 Thread-0 INFO  org.promasi.server.ProMaSiServer - New client connection detected
2014-05-29 18:18:57,903 Thread-13 INFO  org.promasi.server.clientstate.ChooseGameClientState - Received message :'class org.promasi.protocol.messages.LoginRequest'
2014-05-29 18:18:57,903 Thread-13 INFO  org.promasi.server.ProMaSiServer - Client login succeed for client : 'Company'
2014-05-29 18:18:57,903 Thread-13 DEBUG org.promasi.server.clientstate.ChooseGameClientState - Initialization complete
2014-05-29 18:18:57,908 Thread-13 INFO  org.promasi.server.clientstate.ChooseGameClientState - Login succeed
2014-05-29 18:18:58,587 Thread-13 INFO  org.promasi.server.clientstate.ChooseGameClientState - Received message :'class org.promasi.protocol.messages.UpdateAvailableGameListRequest'
2014-05-29 18:19:24,455 Thread-13 INFO  org.promasi.server.ProMaSiServer - Client disconnected
2014-05-29 18:19:24,455 Thread-13 DEBUG org.promasi.server.clientstate.ChooseGameClientState - Client connection error
2014-05-29 18:19:57,568 Thread-0 DEBUG org.promasi.server.clientstate.ChooseGameClientState - Initialization initializatin complete
2014-05-29 18:19:57,569 Thread-0 INFO  org.promasi.server.ProMaSiServer - New client connection detected
2014-05-29 18:19:57,621 Thread-14 INFO  org.promasi.server.clientstate.ChooseGameClientState - Received message :'class org.promasi.protocol.messages.LoginRequest'
2014-05-29 18:19:57,621 Thread-14 INFO  org.promasi.server.ProMaSiServer - Client login succeed for client : 'Company'
2014-05-29 18:19:57,621 Thread-14 DEBUG org.promasi.server.clientstate.ChooseGameClientState - Initialization complete
2014-05-29 18:19:57,626 Thread-14 INFO  org.promasi.server.clientstate.ChooseGameClientState - Login succeed
2014-05-29 18:19:58,272 Thread-14 INFO  org.promasi.server.clientstate.ChooseGameClientState - Received message :'class org.promasi.protocol.messages.UpdateAvailableGameListRequest'
2014-05-29 18:21:07,109 Thread-14 INFO  org.promasi.server.ProMaSiServer - Client disconnected
2014-05-29 18:21:07,109 Thread-14 DEBUG org.promasi.server.clientstate.ChooseGameClientState - Client connection error
2014-05-29 18:24:15,297 Thread-0 DEBUG org.promasi.server.clientstate.ChooseGameClientState - Initialization initializatin complete
2014-05-29 18:24:15,297 Thread-0 INFO  org.promasi.server.ProMaSiServer - New client connection detected
2014-05-29 18:24:15,343 Thread-15 INFO  org.promasi.server.clientstate.ChooseGameClientState - Received message :'class org.promasi.protocol.messages.LoginRequest'
2014-05-29 18:24:15,344 Thread-15 INFO  org.promasi.server.ProMaSiServer - Client login succeed for client : 'Company'
2014-05-29 18:24:15,344 Thread-15 DEBUG org.promasi.server.clientstate.ChooseGameClientState - Initialization complete
2014-05-29 18:24:15,351 Thread-15 INFO  org.promasi.server.clientstate.ChooseGameClientState - Login succeed
2014-05-29 18:24:15,978 Thread-15 INFO  org.promasi.server.clientstate.ChooseGameClientState - Received message :'class org.promasi.protocol.messages.UpdateAvailableGameListRequest'
2014-05-29 18:24:22,210 Thread-15 INFO  org.promasi.server.ProMaSiServer - Client disconnected
2014-05-29 18:24:22,210 Thread-15 DEBUG org.promasi.server.clientstate.ChooseGameClientState - Client connection error
2014-05-29 23:02:08,242 main INFO  org.promasi.server.Application - Application started
2014-05-29 23:02:08,259 main INFO  org.promasi.server.ProMaSiServer - ProMaSi server initialization compelete, listening on port :55555
2014-05-29 23:02:16,315 Thread-0 DEBUG org.promasi.server.clientstate.ChooseGameClientState - Initialization initializatin complete
2014-05-29 23:02:16,316 Thread-0 INFO  org.promasi.server.ProMaSiServer - New client connection detected
2014-05-29 23:02:16,348 Thread-2 INFO  org.promasi.server.clientstate.ChooseGameClientState - Received message :'class org.promasi.protocol.messages.LoginRequest'
2014-05-29 23:02:16,349 Thread-2 INFO  org.promasi.server.ProMaSiServer - Client login succeed for client : 'Company'
2014-05-29 23:02:16,351 Thread-2 DEBUG org.promasi.server.clientstate.ChooseGameClientState - Initialization complete
2014-05-29 23:02:16,391 Thread-2 INFO  org.promasi.server.clientstate.ChooseGameClientState - Login succeed
2014-05-29 23:02:16,982 Thread-2 INFO  org.promasi.server.clientstate.ChooseGameClientState - Received message :'class org.promasi.protocol.messages.UpdateAvailableGameListRequest'
2014-05-29 23:02:37,529 Thread-2 INFO  org.promasi.server.ProMaSiServer - Client disconnected
2014-05-29 23:02:37,530 Thread-2 DEBUG org.promasi.server.clientstate.ChooseGameClientState - Client connection error
2014-05-29 23:18:52,700 Thread-0 DEBUG org.promasi.server.clientstate.ChooseGameClientState - Initialization initializatin complete
2014-05-29 23:18:52,701 Thread-0 INFO  org.promasi.server.ProMaSiServer - New client connection detected
2014-05-29 23:18:52,742 Thread-3 INFO  org.promasi.server.clientstate.ChooseGameClientState - Received message :'class org.promasi.protocol.messages.LoginRequest'
2014-05-29 23:18:52,742 Thread-3 INFO  org.promasi.server.ProMaSiServer - Client login succeed for client : 'Company'
2014-05-29 23:18:52,742 Thread-3 DEBUG org.promasi.server.clientstate.ChooseGameClientState - Initialization complete
2014-05-29 23:18:52,748 Thread-3 INFO  org.promasi.server.clientstate.ChooseGameClientState - Login succeed
2014-05-29 23:18:53,358 Thread-3 INFO  org.promasi.server.clientstate.ChooseGameClientState - Received message :'class org.promasi.protocol.messages.UpdateAvailableGameListRequest'
2014-05-29 23:19:28,737 Thread-3 INFO  org.promasi.server.ProMaSiServer - Client disconnected
2014-05-29 23:19:28,738 Thread-3 DEBUG org.promasi.server.clientstate.ChooseGameClientState - Client connection error
2014-05-29 23:33:29,277 main INFO  org.promasi.server.Application - Application started
2014-05-29 23:33:29,294 main INFO  org.promasi.server.ProMaSiServer - ProMaSi server initialization compelete, listening on port :55555
2014-05-29 23:33:47,184 Thread-0 DEBUG org.promasi.server.clientstate.ChooseGameClientState - Initialization initializatin complete
2014-05-29 23:33:47,184 Thread-0 INFO  org.promasi.server.ProMaSiServer - New client connection detected
2014-05-29 23:33:47,210 Thread-2 INFO  org.promasi.server.clientstate.ChooseGameClientState - Received message :'class org.promasi.protocol.messages.LoginRequest'
2014-05-29 23:33:47,210 Thread-2 INFO  org.promasi.server.ProMaSiServer - Client login succeed for client : 'Company'
2014-05-29 23:33:47,212 Thread-2 DEBUG org.promasi.server.clientstate.ChooseGameClientState - Initialization complete
2014-05-29 23:33:47,249 Thread-2 INFO  org.promasi.server.clientstate.ChooseGameClientState - Login succeed
2014-05-29 23:33:47,831 Thread-2 INFO  org.promasi.server.clientstate.ChooseGameClientState - Received message :'class org.promasi.protocol.messages.UpdateAvailableGameListRequest'
2014-05-29 23:33:54,074 Thread-2 INFO  org.promasi.server.clientstate.ChooseGameClientState - Received message :'class org.promasi.protocol.messages.CreateGameRequest'
2014-05-29 23:33:54,139 Thread-2 DEBUG org.promasi.game.company.Department - Initialization succeed
2014-05-29 23:33:54,142 Thread-2 WARN  org.promasi.server.clientstate.ChooseGameClientState - Internal error client will be disconnected
2014-05-29 23:36:30,640 main INFO  org.promasi.server.Application - Application started
2014-05-29 23:36:30,655 main INFO  org.promasi.server.ProMaSiServer - ProMaSi server initialization compelete, listening on port :55555
2014-05-29 23:36:43,739 Thread-0 DEBUG org.promasi.server.clientstate.ChooseGameClientState - Initialization initializatin complete
2014-05-29 23:36:43,739 Thread-0 INFO  org.promasi.server.ProMaSiServer - New client connection detected
2014-05-29 23:36:43,771 Thread-2 INFO  org.promasi.server.clientstate.ChooseGameClientState - Received message :'class org.promasi.protocol.messages.LoginRequest'
2014-05-29 23:36:43,771 Thread-2 INFO  org.promasi.server.ProMaSiServer - Client login succeed for client : 'Company'
2014-05-29 23:36:43,774 Thread-2 DEBUG org.promasi.server.clientstate.ChooseGameClientState - Initialization complete
2014-05-29 23:36:43,808 Thread-2 INFO  org.promasi.server.clientstate.ChooseGameClientState - Login succeed
2014-05-29 23:36:44,419 Thread-2 INFO  org.promasi.server.clientstate.ChooseGameClientState - Received message :'class org.promasi.protocol.messages.UpdateAvailableGameListRequest'
2014-05-29 23:36:50,191 Thread-2 INFO  org.promasi.server.clientstate.ChooseGameClientState - Received message :'class org.promasi.protocol.messages.CreateGameRequest'
2014-05-29 23:36:50,255 Thread-2 DEBUG org.promasi.game.company.Department - Initialization succeed
2014-05-29 23:36:50,258 Thread-2 WARN  org.promasi.server.clientstate.ChooseGameClientState - Internal error client will be disconnected
2014-05-29 23:36:50,264 Thread-2 INFO  org.promasi.server.ProMaSiServer - Client disconnected
2014-05-29 23:36:50,264 Thread-2 DEBUG org.promasi.server.clientstate.ChooseGameClientState - Client disconnected
2014-05-29 23:37:15,347 main INFO  org.promasi.server.Application - Application started
2014-05-29 23:37:15,363 main INFO  org.promasi.server.ProMaSiServer - ProMaSi server initialization compelete, listening on port :55555
2014-05-29 23:37:26,786 Thread-0 DEBUG org.promasi.server.clientstate.ChooseGameClientState - Initialization initializatin complete
2014-05-29 23:37:26,787 Thread-0 INFO  org.promasi.server.ProMaSiServer - New client connection detected
2014-05-29 23:37:26,818 Thread-2 INFO  org.promasi.server.clientstate.ChooseGameClientState - Received message :'class org.promasi.protocol.messages.LoginRequest'
2014-05-29 23:37:26,819 Thread-2 INFO  org.promasi.server.ProMaSiServer - Client login succeed for client : 'Company'
2014-05-29 23:37:26,822 Thread-2 DEBUG org.promasi.server.clientstate.ChooseGameClientState - Initialization complete
2014-05-29 23:37:26,860 Thread-2 INFO  org.promasi.server.clientstate.ChooseGameClientState - Login succeed
2014-05-29 23:37:27,451 Thread-2 INFO  org.promasi.server.clientstate.ChooseGameClientState - Received message :'class org.promasi.protocol.messages.UpdateAvailableGameListRequest'
2014-05-29 23:37:48,100 Thread-2 INFO  org.promasi.server.ProMaSiServer - Client disconnected
2014-05-29 23:37:48,100 Thread-2 DEBUG org.promasi.server.clientstate.ChooseGameClientState - Client connection error
2014-05-29 23:38:40,885 Thread-0 DEBUG org.promasi.server.clientstate.ChooseGameClientState - Initialization initializatin complete
2014-05-29 23:38:40,886 Thread-0 INFO  org.promasi.server.ProMaSiServer - New client connection detected
2014-05-29 23:38:40,925 Thread-3 INFO  org.promasi.server.clientstate.ChooseGameClientState - Received message :'class org.promasi.protocol.messages.LoginRequest'
2014-05-29 23:38:40,925 Thread-3 INFO  org.promasi.server.ProMaSiServer - Client login succeed for client : 'Company'
2014-05-29 23:38:40,925 Thread-3 DEBUG org.promasi.server.clientstate.ChooseGameClientState - Initialization complete
2014-05-29 23:38:40,931 Thread-3 INFO  org.promasi.server.clientstate.ChooseGameClientState - Login succeed
2014-05-29 23:38:41,578 Thread-3 INFO  org.promasi.server.clientstate.ChooseGameClientState - Received message :'class org.promasi.protocol.messages.UpdateAvailableGameListRequest'
2014-05-29 23:39:56,019 Thread-3 INFO  org.promasi.server.clientstate.ChooseGameClientState - Received message :'class org.promasi.protocol.messages.CreateGameRequest'
2014-05-29 23:39:56,095 Thread-3 DEBUG org.promasi.game.company.Department - Initialization succeed
2014-05-29 23:39:56,098 Thread-3 WARN  org.promasi.server.clientstate.ChooseGameClientState - Internal error client will be disconnected
2014-05-29 23:43:05,804 main INFO  org.promasi.server.Application - Application started
2014-05-29 23:43:05,820 main INFO  org.promasi.server.ProMaSiServer - ProMaSi server initialization compelete, listening on port :55555
2014-05-29 23:43:12,228 Thread-0 DEBUG org.promasi.server.clientstate.ChooseGameClientState - Initialization initializatin complete
2014-05-29 23:43:12,228 Thread-0 INFO  org.promasi.server.ProMaSiServer - New client connection detected
2014-05-29 23:43:12,262 Thread-2 INFO  org.promasi.server.clientstate.ChooseGameClientState - Received message :'class org.promasi.protocol.messages.LoginRequest'
2014-05-29 23:43:12,262 Thread-2 INFO  org.promasi.server.ProMaSiServer - Client login succeed for client : 'Company'
2014-05-29 23:43:12,265 Thread-2 DEBUG org.promasi.server.clientstate.ChooseGameClientState - Initialization complete
2014-05-29 23:43:12,304 Thread-2 INFO  org.promasi.server.clientstate.ChooseGameClientState - Login succeed
2014-05-29 23:43:12,920 Thread-2 INFO  org.promasi.server.clientstate.ChooseGameClientState - Received message :'class org.promasi.protocol.messages.UpdateAvailableGameListRequest'
2014-05-29 23:44:34,764 Thread-2 INFO  org.promasi.server.clientstate.ChooseGameClientState - Received message :'class org.promasi.protocol.messages.CreateGameRequest'
2014-05-29 23:44:34,840 Thread-2 DEBUG org.promasi.game.company.Department - Initialization succeed
2014-05-29 23:44:34,842 Thread-2 WARN  org.promasi.server.clientstate.ChooseGameClientState - Internal error client will be disconnected
2014-05-29 23:45:01,739 main INFO  org.promasi.server.Application - Application started
2014-05-29 23:45:01,757 main INFO  org.promasi.server.ProMaSiServer - ProMaSi server initialization compelete, listening on port :55555
2014-05-29 23:45:20,222 Thread-0 DEBUG org.promasi.server.clientstate.ChooseGameClientState - Initialization initializatin complete
2014-05-29 23:45:20,222 Thread-0 INFO  org.promasi.server.ProMaSiServer - New client connection detected
2014-05-29 23:45:20,251 Thread-2 INFO  org.promasi.server.clientstate.ChooseGameClientState - Received message :'class org.promasi.protocol.messages.LoginRequest'
2014-05-29 23:45:20,251 Thread-2 INFO  org.promasi.server.ProMaSiServer - Client login succeed for client : 'Company'
2014-05-29 23:45:20,257 Thread-2 DEBUG org.promasi.server.clientstate.ChooseGameClientState - Initialization complete
2014-05-29 23:45:20,295 Thread-2 INFO  org.promasi.server.clientstate.ChooseGameClientState - Login succeed
2014-05-29 23:45:20,882 Thread-2 INFO  org.promasi.server.clientstate.ChooseGameClientState - Received message :'class org.promasi.protocol.messages.UpdateAvailableGameListRequest'
2014-05-29 23:45:23,140 Thread-2 INFO  org.promasi.server.clientstate.ChooseGameClientState - Received message :'class org.promasi.protocol.messages.CreateGameRequest'
2014-05-31 00:26:35,844 main INFO  org.promasi.server.Application - Application started
2014-05-31 00:26:35,860 main INFO  org.promasi.server.ProMaSiServer - ProMaSi server initialization compelete, listening on port :55555
2014-05-31 00:26:46,335 Thread-0 DEBUG org.promasi.server.clientstate.ChooseGameClientState - Initialization initializatin complete
2014-05-31 00:26:46,336 Thread-0 INFO  org.promasi.server.ProMaSiServer - New client connection detected
2014-05-31 00:27:09,745 Thread-2 DEBUG org.promasi.server.clientstate.ChooseGameClientState - Client connectino error
2014-05-31 00:27:56,319 Thread-0 DEBUG org.promasi.server.clientstate.ChooseGameClientState - Initialization initializatin complete
2014-05-31 00:27:56,319 Thread-0 INFO  org.promasi.server.ProMaSiServer - New client connection detected
2014-05-31 00:28:17,498 Thread-3 DEBUG org.promasi.server.clientstate.ChooseGameClientState - Client connectino error
2014-05-31 00:28:30,297 Thread-0 DEBUG org.promasi.server.clientstate.ChooseGameClientState - Initialization initializatin complete
2014-05-31 00:28:30,298 Thread-0 INFO  org.promasi.server.ProMaSiServer - New client connection detected
2014-05-31 00:28:59,615 Thread-4 DEBUG org.promasi.server.clientstate.ChooseGameClientState - Client connectino error
2014-05-31 00:29:11,217 Thread-0 DEBUG org.promasi.server.clientstate.ChooseGameClientState - Initialization initializatin complete
2014-05-31 00:29:11,218 Thread-0 INFO  org.promasi.server.ProMaSiServer - New client connection detected
2014-05-31 00:29:48,631 Thread-5 DEBUG org.promasi.server.clientstate.ChooseGameClientState - Client connectino error
2014-05-31 00:36:17,047 main INFO  org.promasi.server.Application - Application started
2014-05-31 00:36:17,063 main INFO  org.promasi.server.ProMaSiServer - ProMaSi server initialization compelete, listening on port :55555
2014-05-31 00:36:27,152 Thread-0 DEBUG org.promasi.server.clientstate.ChooseGameClientState - Initialization initializatin complete
2014-05-31 00:36:27,153 Thread-0 INFO  org.promasi.server.ProMaSiServer - New client connection detected
2014-05-31 00:37:04,052 Thread-2 DEBUG org.promasi.server.clientstate.ChooseGameClientState - Client connectino error
2014-05-31 00:37:17,563 Thread-0 DEBUG org.promasi.server.clientstate.ChooseGameClientState - Initialization initializatin complete
2014-05-31 00:37:17,563 Thread-0 INFO  org.promasi.server.ProMaSiServer - New client connection detected
2014-05-31 00:37:33,059 Thread-3 DEBUG org.promasi.server.clientstate.ChooseGameClientState - Client connectino error
2014-05-31 00:40:51,707 main INFO  org.promasi.server.Application - Application started
2014-05-31 00:40:51,723 main INFO  org.promasi.server.ProMaSiServer - ProMaSi server initialization compelete, listening on port :55555
2014-05-31 00:41:02,586 Thread-0 DEBUG org.promasi.server.clientstate.ChooseGameClientState - Initialization initializatin complete
2014-05-31 00:41:02,586 Thread-0 INFO  org.promasi.server.ProMaSiServer - New client connection detected
2014-05-31 00:41:13,978 Thread-2 DEBUG org.promasi.server.clientstate.ChooseGameClientState - Client connectino error
2014-05-31 00:41:25,847 Thread-0 DEBUG org.promasi.server.clientstate.ChooseGameClientState - Initialization initializatin complete
2014-05-31 00:41:25,847 Thread-0 INFO  org.promasi.server.ProMaSiServer - New client connection detected
2014-05-31 00:41:49,084 Thread-3 DEBUG org.promasi.server.clientstate.ChooseGameClientState - Client connectino error
2014-05-31 00:42:34,763 main INFO  org.promasi.server.Application - Application started
2014-05-31 00:42:34,778 main INFO  org.promasi.server.ProMaSiServer - ProMaSi server initialization compelete, listening on port :55555
2014-05-31 00:42:45,793 Thread-0 DEBUG org.promasi.server.clientstate.ChooseGameClientState - Initialization initializatin complete
2014-05-31 00:42:45,794 Thread-0 INFO  org.promasi.server.ProMaSiServer - New client connection detected
2014-05-31 00:42:53,220 Thread-2 DEBUG org.promasi.server.clientstate.ChooseGameClientState - Client connectino error
2014-05-31 00:43:22,137 main INFO  org.promasi.server.Application - Application started
2014-05-31 00:43:22,156 main INFO  org.promasi.server.ProMaSiServer - ProMaSi server initialization compelete, listening on port :55555
2014-05-31 00:43:33,364 Thread-0 DEBUG org.promasi.server.clientstate.ChooseGameClientState - Initialization initializatin complete
2014-05-31 00:43:33,364 Thread-0 INFO  org.promasi.server.ProMaSiServer - New client connection detected
2014-05-31 00:43:33,651 Thread-2 INFO  org.promasi.server.clientstate.ChooseGameClientState - Received message :'class org.promasi.protocol.messages.LoginRequest'
2014-05-31 00:43:33,651 Thread-2 INFO  org.promasi.server.ProMaSiServer - Client login succeed for client : 'Company'
2014-05-31 00:43:33,653 Thread-2 DEBUG org.promasi.server.clientstate.ChooseGameClientState - Initialization complete
2014-05-31 00:43:33,692 Thread-2 INFO  org.promasi.server.clientstate.ChooseGameClientState - Login succeed
2014-05-31 00:43:34,480 Thread-2 INFO  org.promasi.server.clientstate.ChooseGameClientState - Received message :'class org.promasi.protocol.messages.UpdateAvailableGameListRequest'
2014-05-31 00:43:37,682 Thread-2 INFO  org.promasi.server.clientstate.ChooseGameClientState - Received message :'class org.promasi.protocol.messages.CreateGameRequest'
2014-05-31 00:43:37,717 Thread-2 DEBUG org.promasi.game.company.Employee - Employee initialization succeed :xd332211
2014-05-31 00:43:37,717 Thread-2 DEBUG org.promasi.game.company.Employee - Employee initialization succeed :xd332212
2014-05-31 00:43:37,717 Thread-2 DEBUG org.promasi.game.company.Employee - Employee initialization succeed :xd332213
2014-05-31 00:43:37,720 Thread-2 DEBUG org.promasi.game.company.Employee - Employee initialization succeed :xd332211
2014-05-31 00:43:37,720 Thread-2 DEBUG org.promasi.game.company.Employee - Employee initialization succeed :xd332212
2014-05-31 00:43:37,720 Thread-2 DEBUG org.promasi.game.company.Employee - Employee initialization succeed :xd332213
2014-05-31 00:43:37,777 Thread-2 DEBUG org.promasi.game.company.Department - Initialization succeed
2014-05-31 00:43:37,781 Thread-2 INFO  org.promasi.game.multiplayer.MultiPlayerGame - New multiplayer game initialization complete game owner:Company game id:Tutorial
2014-05-31 00:43:37,781 Thread-2 WARN  org.promasi.server.clientstate.ChooseGameClientState - Internal error client will be disconnected
2014-05-31 00:43:37,814 Thread-2 INFO  org.promasi.server.ProMaSiServer - Client disconnected
2014-05-31 00:43:37,814 Thread-2 DEBUG org.promasi.server.clientstate.ChooseGameClientState - Client disconnected
2014-05-31 00:44:46,496 main INFO  org.promasi.server.Application - Application started
2014-05-31 00:44:46,521 main INFO  org.promasi.server.ProMaSiServer - ProMaSi server initialization compelete, listening on port :55555
2014-05-31 00:44:54,311 Thread-0 DEBUG org.promasi.server.clientstate.ChooseGameClientState - Initialization initializatin complete
2014-05-31 00:44:54,311 Thread-0 INFO  org.promasi.server.ProMaSiServer - New client connection detected
2014-05-31 00:44:54,584 Thread-2 INFO  org.promasi.server.clientstate.ChooseGameClientState - Received message :'class org.promasi.protocol.messages.LoginRequest'
2014-05-31 00:45:37,304 main INFO  org.promasi.server.Application - Application started
2014-05-31 00:45:37,320 main INFO  org.promasi.server.ProMaSiServer - ProMaSi server initialization compelete, listening on port :55555
2014-05-31 00:45:44,372 Thread-0 DEBUG org.promasi.server.clientstate.ChooseGameClientState - Initialization initializatin complete
2014-05-31 00:45:44,372 Thread-0 INFO  org.promasi.server.ProMaSiServer - New client connection detected
2014-05-31 00:45:44,682 Thread-2 INFO  org.promasi.server.clientstate.ChooseGameClientState - Received message :'class org.promasi.protocol.messages.LoginRequest'
2014-05-31 00:46:59,870 main INFO  org.promasi.server.Application - Application started
2014-05-31 00:46:59,886 main INFO  org.promasi.server.ProMaSiServer - ProMaSi server initialization compelete, listening on port :55555
2014-05-31 00:47:08,006 Thread-0 DEBUG org.promasi.server.clientstate.ChooseGameClientState - Initialization initializatin complete
2014-05-31 00:47:08,006 Thread-0 INFO  org.promasi.server.ProMaSiServer - New client connection detected
2014-05-31 00:47:08,315 Thread-2 INFO  org.promasi.server.clientstate.ChooseGameClientState - Received message :'class org.promasi.protocol.messages.LoginRequest'
2014-05-31 00:48:13,980 main INFO  org.promasi.server.Application - Application started
2014-05-31 00:48:13,997 main INFO  org.promasi.server.ProMaSiServer - ProMaSi server initialization compelete, listening on port :55555
2014-05-31 00:48:21,112 Thread-0 DEBUG org.promasi.server.clientstate.ChooseGameClientState - Initialization initializatin complete
2014-05-31 00:48:21,112 Thread-0 INFO  org.promasi.server.ProMaSiServer - New client connection detected
2014-05-31 00:49:27,834 Thread-2 INFO  org.promasi.server.clientstate.ChooseGameClientState - Received message :'class org.promasi.protocol.messages.LoginRequest'
2014-05-31 00:50:39,971 main INFO  org.promasi.server.Application - Application started
2014-05-31 00:50:39,992 main INFO  org.promasi.server.ProMaSiServer - ProMaSi server initialization compelete, listening on port :55555
2014-05-31 00:50:54,408 Thread-0 DEBUG org.promasi.server.clientstate.ChooseGameClientState - Initialization initializatin complete
2014-05-31 00:50:54,409 Thread-0 INFO  org.promasi.server.ProMaSiServer - New client connection detected
2014-05-31 00:50:54,695 Thread-2 INFO  org.promasi.server.clientstate.ChooseGameClientState - Received message :'class org.promasi.protocol.messages.LoginRequest'
